Android/ContactAutoCompleteTest/app/build/outputs/logs/manifest-merger-debug-report.txt
-- Merging decision tree log ---
manifest
ADDED from src/main/AndroidManifest.xml:2:1-24:12
INJECTED from src/main/AndroidManifest.xml:2:1-24:12
INJECTED from src/main/AndroidManifest.xml:2:1-24:12
INJECTED from src/main/AndroidManifest.xml:2:1-24:12
INJECTED from src/main/AndroidManifest.xml:2:1-24:12
INJECTED from src/main/AndroidManifest.xml:2:1-24:12
INJECTED from src/main/AndroidManifest.xml:2:1-24:12
	package
		ADDED from src/main/AndroidManifest.xml:3:5-54
		INJECTED from src/main/AndroidManifest.xml
		INJECTED from src/main/AndroidManifest.xml
	android:versionName
		INJECTED from src/main/AndroidManifest.xml
		ADDED from src/main/AndroidManifest.xml:2:1-24:12
		INJECTED from src/main/AndroidManifest.xml
	android:versionCode
		INJECTED from src/main/AndroidManifest.xml
		ADDED from src/main/AndroidManifest.xml:2:1-24:12
		INJECTED from src/main/AndroidManifest.xml
	xmlns:android
		ADDED from src/main/AndroidManifest.xml:2:11-69
uses-permission#android.permission.READ_PHONE_STATE
ADDED from src/main/AndroidManifest.xml:5:5-75
	android:name
		ADDED from src/main/AndroidManifest.xml:5:22-72
uses-permission#android.permission.READ_CONTACTS
ADDED from src/main/AndroidManifest.xml:6:5-72
	android:name
		ADDED from src/main/AndroidManifest.xml:6:22-69
application
ADDED from src/main/AndroidManifest.xml:8:5-22:19
	android:label
		ADDED from src/main/AndroidManifest.xml:11:9-41
	android:icon
		ADDED from src/main/AndroidManifest.xml:10:9-45
	android:allowBackup
		ADDED from src/main/AndroidManifest.xml:9:9-35
	android:theme
		ADDED from src/main/AndroidManifest.xml:12:9-40
activity#com.dstrube.contactautocompletetest.app.MainActivity
ADDED from src/main/AndroidManifest.xml:13:9-21:20
	android:label
		ADDED from src/main/AndroidManifest.xml:15:13-45
	android:name
		ADDED from src/main/AndroidManifest.xml:14:13-41
intent-filter#android.intent.action.MAIN+android.intent.category.LAUNCHER
ADDED from src/main/AndroidManifest.xml:16:13-20:29
action#android.intent.action.MAIN
ADDED from src/main/AndroidManifest.xml:17:17-69
	android:name
		ADDED from src/main/AndroidManifest.xml:17:25-66
category#android.intent.category.LAUNCHER
ADDED from src/main/AndroidManifest.xml:19:17-77
	android:name
		ADDED from src/main/AndroidManifest.xml:19:27-74
uses-sdk
INJECTED from src/main/AndroidManifest.xml reason: use-sdk injection requested
INJECTED from src/main/AndroidManifest.xml
INJECTED from src/main/AndroidManifest.xml
INJECTED from src/main/AndroidManifest.xml
INJECTED from src/main/AndroidManifest.xml
	android:targetSdkVersion
		INJECTED from src/main/AndroidManifest.xml
		ADDED from src/main/AndroidManifest.xml
		INJECTED from src/main/AndroidManifest.xml
	android:minSdkVersion
		INJECTED from src/main/AndroidManifest.xml
		ADDED from src/main/AndroidManifest.xml
		INJECTED from src/main/AndroidManifest.xml